<?xml version="1.0" encoding="UTF-8"?>
<!-- Generated by org.testng.reporters.JUnitReportReporter -->
<testsuite skipped="0" hostname="DESKTOP-73PJK31" name="com.grid.demo.WebAppTestsFirefox" tests="2" failures="0" timestamp="2020-11-10T23:27:47 IST" time="38.838" errors="0">
  <testcase name="verifyAppLaunch" time="18.485" classname="com.grid.demo.WebAppTestsFirefox"/>
  <testcase name="verifyAppLogin" time="20.353" classname="com.grid.demo.WebAppTestsFirefox"/>
</testsuite> <!-- com.grid.demo.WebAppTestsFirefox -->
