<?xml version="1.0" encoding="UTF-8"?>
<!-- Generated by org.testng.reporters.JUnitReportReporter -->
<testsuite skipped="0" hostname="DESKTOP-73PJK31" name="com.grid.demo.WebAppTestsChrome" tests="2" failures="0" timestamp="2020-11-11T13:33:05 IST" time="27.837" errors="0">
  <testcase name="verifyAppLaunch" time="10.618" classname="com.grid.demo.WebAppTestsChrome"/>
  <testcase name="verifyAppLogin" time="17.219" classname="com.grid.demo.WebAppTestsChrome"/>
</testsuite> <!-- com.grid.demo.WebAppTestsChrome -->
