<?xml version="1.0" encoding="UTF-8"?>
<!-- Generated by org.testng.reporters.JUnitReportReporter -->
<testsuite skipped="0" hostname="DESKTOP-73PJK31" name="com.grid.demo.WebAppTestsFirefox" tests="2" failures="0" timestamp="2020-11-11T14:54:21 IST" time="27.323" errors="0">
  <testcase name="verifyAppLogin" time="16.090" classname="com.grid.demo.WebAppTestsFirefox"/>
  <testcase name="verifyAppLaunch" time="11.233" classname="com.grid.demo.WebAppTestsFirefox"/>
</testsuite> <!-- com.grid.demo.WebAppTestsFirefox -->
