<?xml version="1.0" encoding="UTF-8"?>
<!-- Generated by org.testng.reporters.JUnitReportReporter -->
<testsuite skipped="0" hostname="DESKTOP-73PJK31" name="com.grid.demo.WebAppTestsChrome" tests="2" failures="0" timestamp="2020-11-11T15:04:54 IST" time="91.920" errors="0">
  <testcase name="verifyAppLogin" time="51.468" classname="com.grid.demo.WebAppTestsChrome"/>
  <testcase name="verifyAppLaunch" time="40.452" classname="com.grid.demo.WebAppTestsChrome"/>
</testsuite> <!-- com.grid.demo.WebAppTestsChrome -->
