<?xml version="1.0" encoding="UTF-8"?>
<!-- Generated by org.testng.reporters.JUnitReportReporter -->
<testsuite skipped="0" hostname="DESKTOP-73PJK31" name="com.grid.demo.WebAppTestsChrome" tests="2" failures="0" timestamp="2020-11-10T23:28:44 IST" time="36.747" errors="0">
  <testcase name="verifyAppLaunch" time="15.653" classname="com.grid.demo.WebAppTestsChrome"/>
  <testcase name="verifyAppLogin" time="21.094" classname="com.grid.demo.WebAppTestsChrome"/>
</testsuite> <!-- com.grid.demo.WebAppTestsChrome -->
