<?xml version="1.0" encoding="UTF-8"?>
<!-- Generated by org.testng.reporters.JUnitReportReporter -->
<testsuite skipped="0" hostname="DESKTOP-73PJK31" name="com.grid.demo.WebAppTestsFirefox" tests="2" failures="0" timestamp="2020-11-11T15:04:54 IST" time="168.596" errors="0">
  <testcase name="verifyAppLogin" time="85.337" classname="com.grid.demo.WebAppTestsFirefox"/>
  <testcase name="verifyAppLaunch" time="83.259" classname="com.grid.demo.WebAppTestsFirefox"/>
</testsuite> <!-- com.grid.demo.WebAppTestsFirefox -->
